<?xml version="1.0" encoding="UTF-8"?>
<!-- Generated by org.testng.reporters.JUnitReportReporter -->
<testsuite skipped="0" hostname="Rahul-PC" name="new_Package1.Tech_Test1_TestNG" tests="1" failures="0" timestamp="18 May 2019 11:11:18 GMT" time="17.061" errors="0">
  <testcase name="f" time="17.061" classname="new_Package1.Tech_Test1_TestNG"/>
</testsuite> <!-- new_Package1.Tech_Test1_TestNG -->
